<?xml version="1.0" encoding="UTF-8"?>
<!-- Generated by org.testng.reporters.JUnitReportReporter -->
<testsuite hostname="AutomationEngineer" failures="0" tests="2" name="com.BT.Script.Join_Initial" time="20.203" errors="0" timestamp="2025-02-06T13:30:34 IST" skipped="0">
  <testcase classname="com.BT.Script.Join_Initial" name="TC_001" time="4.980"/>
  <system-out/>
  <testcase classname="com.BT.Script.Join_Initial" name="TC_002" time="15.223"/>
  <system-out/>
</testsuite> <!-- com.BT.Script.Join_Initial -->
