<?xml version="1.0" encoding="UTF-8"?>
<!-- Generated by org.testng.reporters.JUnitReportReporter -->
<testsuite hostname="AutomationEngineer" failures="0" tests="1" name="com.BT.Script.Login" time="22.402" errors="0" timestamp="2025-01-31T17:22:25 IST" skipped="0">
  <testcase classname="com.BT.Script.Login" name="Login" time="22.402"/>
  <system-out/>
</testsuite> <!-- com.BT.Script.Login -->
