<?xml version="1.0" encoding="UTF-8"?>
<!-- Generated by org.testng.reporters.JUnitReportReporter -->
<testsuite hostname="AutomationEngineer" failures="0" tests="1" name="Script.Signin" time="10.643" errors="0" timestamp="2025-01-29T13:21:11 IST" skipped="0">
  <testcase classname="Script.Signin" name="test" time="10.643"/>
  <system-out/>
</testsuite> <!-- Script.Signin -->
