<?xml version="1.0" encoding="UTF-8"?>
<!-- Generated by org.testng.reporters.JUnitReportReporter -->
<testsuite hostname="AutomationEngineer" failures="0" tests="1" name="com.BT.Script.Join" time="18.917" errors="0" timestamp="2025-02-04T17:35:08 IST" skipped="0">
  <testcase classname="com.BT.Script.Join" name="TC_001" time="18.917"/>
  <system-out/>
</testsuite> <!-- com.BT.Script.Join -->
